mobileguard/proguard/seeds.txt
com.startapp.android.publish.gson.stream.MalformedJsonException
com.startapp.android.publish.gson.stream.MalformedJsonException: long serialVersionUID
com.startapp.android.publish.gson.stream.MalformedJsonException: MalformedJsonException(java.lang.String)
com.startapp.android.publish.gson.stream.MalformedJsonException: MalformedJsonException(java.lang.String,java.lang.Throwable)
com.startapp.android.publish.gson.stream.MalformedJsonException: MalformedJsonException(java.lang.Throwable)
com.startapp.android.publish.list3d.Dynamics
com.startapp.android.publish.list3d.Dynamics: float a
com.startapp.android.publish.list3d.Dynamics: float b
com.startapp.android.publish.list3d.Dynamics: float c
com.startapp.android.publish.list3d.Dynamics: float d
com.startapp.android.publish.list3d.Dynamics: long e
com.startapp.android.publish.list3d.Dynamics: Dynamics()
com.startapp.android.publish.list3d.Dynamics: Dynamics(android.os.Parcel)
com.startapp.android.publish.list3d.Dynamics: void a(float,float,long)
com.startapp.android.publish.list3d.Dynamics: float a()
com.startapp.android.publish.list3d.Dynamics: float b()
com.startapp.android.publish.list3d.Dynamics: boolean a(float,float)
com.startapp.android.publish.list3d.Dynamics: void a(float)
com.startapp.android.publish.list3d.Dynamics: void b(float)
com.startapp.android.publish.list3d.Dynamics: void a(long)
com.startapp.android.publish.list3d.Dynamics: float c()
com.startapp.android.publish.list3d.Dynamics: void a(int)
com.startapp.android.publish.list3d.Dynamics: int describeContents()
com.startapp.android.publish.list3d.Dynamics: void writeToParcel(android.os.Parcel,int)
com.startapp.android.publish.list3d.Dynamics: void a(double)
com.startapp.android.publish.list3d.Dynamics: java.lang.String toString()
com.startapp.android.publish.list3d.List3DActivity
com.startapp.android.publish.list3d.List3DActivity: com.startapp.android.publish.list3d.c a
com.startapp.android.publish.list3d.List3DActivity: android.app.ProgressDialog b
com.startapp.android.publish.list3d.List3DActivity: android.webkit.WebView c
com.startapp.android.publish.list3d.List3DActivity: java.util.List d
com.startapp.android.publish.list3d.List3DActivity: int e
com.startapp.android.publish.list3d.List3DActivity: android.content.BroadcastReceiver f
com.startapp.android.publish.list3d.List3DActivity: List3DActivity()
com.startapp.android.publish.list3d.List3DActivity: void onCreate(android.os.Bundle)
com.startapp.android.publish.list3d.List3DActivity: void onDestroy()
com.startapp.android.publish.list3d.List3DActivity: void onPause()
com.startapp.android.publish.list3d.List3DActivity: void a(int)
com.startapp.android.publish.list3d.List3DActivity: void finish()
com.startapp.android.publish.list3d.List3DActivity: java.util.List a(com.startapp.android.publish.list3d.List3DActivity)
com.startapp.android.publish.list3d.List3DActivity$1
com.startapp.android.publish.list3d.List3DActivity$1: com.startapp.android.publish.list3d.List3DActivity a
com.startapp.android.publish.list3d.List3DActivity$1: List3DActivity$1(com.startapp.android.publish.list3d.List3DActivity)
com.startapp.android.publish.list3d.List3DActivity$1: void onReceive(android.content.Context,android.content.Intent)
com.startapp.android.publish.list3d.List3DActivity$2
com.startapp.android.publish.list3d.List3DActivity$2: com.startapp.android.publish.list3d.List3DActivity a
com.startapp.android.publish.list3d.List3DActivity$2: List3DActivity$2(com.startapp.android.publish.list3d.List3DActivity)
com.startapp.android.publish.list3d.List3DActivity$2: void onItemClick(android.widget.AdapterView,android.view.View,int,long)
com.startapp.android.publish.list3d.List3DActivity$2: void a(java.lang.String,java.lang.String,java.lang.String)