mobileguard/proguard/usage.txt
android.support.v4.widget.SimpleCursorAdapter
android.support.v4.widget.SimpleCursorAdapter$CursorToStringConverter
android.support.v4.widget.SimpleCursorAdapter$ViewBinder
com.android.internal.telephony.ITelephony$Stub:
    private static final java.lang.String DESCRIPTOR
    static final int TRANSACTION_dial
    static final int TRANSACTION_call
    static final int TRANSACTION_showCallScreen
    static final int TRANSACTION_showCallScreenWithDialpad
    static final int TRANSACTION_endCall
    static final int TRANSACTION_answerRingingCall
    static final int TRANSACTION_silenceRinger
    static final int TRANSACTION_isOffhook
    static final int TRANSACTION_isRinging
    static final int TRANSACTION_isIdle
    static final int TRANSACTION_isRadioOn
    static final int TRANSACTION_isSimPinEnabled
    static final int TRANSACTION_cancelMissedCallsNotification
    static final int TRANSACTION_supplyPin
    static final int TRANSACTION_handlePinMmi
    static final int TRANSACTION_toggleRadioOnOff
    static final int TRANSACTION_setRadio
    static final int TRANSACTION_updateServiceLocation
    static final int TRANSACTION_enableLocationUpdates
    static final int TRANSACTION_disableLocationUpdates
    static final int TRANSACTION_enableApnType
    static final int TRANSACTION_disableApnType
    static final int TRANSACTION_enableDataConnectivity
    static final int TRANSACTION_disableDataConnectivity
    static final int TRANSACTION_isDataConnectivityPossible
    static final int TRANSACTION_getCellLocation
    static final int TRANSACTION_getNeighboringCellInfo
    static final int TRANSACTION_getCallState
com.android.internal.telephony.ITelephony$Stub$Proxy:
    385:385:public java.lang.String getInterfaceDescriptor()
com.itheima.mobileguard.BuildConfig
com.itheima.mobileguard.R
com.itheima.mobileguard.R$anim
com.itheima.mobileguard.R$attr
com.itheima.mobileguard.R$color
com.itheima.mobileguard.R$drawable
com.itheima.mobileguard.R$id
com.itheima.mobileguard.R$layout
com.itheima.mobileguard.R$menu
com.itheima.mobileguard.R$raw
com.itheima.mobileguard.R$string
com.itheima.mobileguard.R$style
com.itheima.mobileguard.R$styleable
com.itheima.mobileguard.R$xml
com.itheima.mobileguard.activities.AntiVirusActivity:
    protected static final int SCANNING
    protected static final int SCAN_FINISH
    protected static final int SCAN_BENGIN
com.itheima.mobileguard.activities.AppLockActivity:
    private static final java.lang.String TAG
com.itheima.mobileguard.activities.AppManagerActivity:
    public static final java.lang.String TAG
com.itheima.mobileguard.activities.BaseSetupActivity:
    103:105:public void startActivity(java.lang.Class)
com.itheima.mobileguard.activities.CallSmsSafeActivity2
com.itheima.mobileguard.activities.CallSmsSafeActivity2$1
com.itheima.mobileguard.activities.CallSmsSafeActivity2$2
com.itheima.mobileguard.activities.CallSmsSafeActivity2$CallSmsSafeAdapter
com.itheima.mobileguard.activities.CallSmsSafeActivity2$ViewHolder
com.itheima.mobileguard.activities.CleanCacheActivity:
    protected static final int SCANNING
    protected static final int FINISH
com.itheima.mobileguard.activities.LostFindActivity:
    private static final java.lang.String TAG
com.itheima.mobileguard.activities.SplashActivity:
    protected static final int SHOW_UPDATE_DIALOG
    private static final int LOAD_MAINUI
com.itheima.mobileguard.db.dao.AntiVirusDao:
    11:11:public AntiVirusDao()
com.itheima.mobileguard.db.dao.BlackNumberDao:
    81:88:public boolean changeBlockMode(java.lang.String,java.lang.String)
    115:129:public java.util.List findAll()
    139:155:public java.util.List findPart(int,int)
com.itheima.mobileguard.db.dao.NumberAddressDao:
    7:7:public NumberAddressDao()
com.itheima.mobileguard.domain.ContactInfo:
    23:23:public java.lang.String getId()
    35:35:public java.lang.String getEmail()
    41:41:public java.lang.String getQq()